  glad.c
  lights.cpp
C:\Users\Tymek\Desktop\programming\cpp\OPENGL_LIB\instancing\instancing\camera.h(95,12): warning C4244: "=": konwersja z "double" do "float", możliwa utrata danych
C:\Users\Tymek\Desktop\programming\cpp\OPENGL_LIB\instancing\instancing\camera.h(96,12): warning C4244: "=": konwersja z "double" do "float", możliwa utrata danych
C:\Users\Tymek\Desktop\programming\cpp\OPENGL_LIB\instancing\instancing\camera.h(100,17): warning C4244: "inicjowanie": konwersja z "double" do "float", możliwa utrata danych
C:\Users\Tymek\Desktop\programming\cpp\OPENGL_LIB\instancing\instancing\camera.h(101,17): warning C4244: "inicjowanie": konwersja z "double" do "float", możliwa utrata danych
C:\Users\Tymek\Desktop\programming\cpp\OPENGL_LIB\instancing\instancing\camera.h(102,11): warning C4244: "=": konwersja z "double" do "float", możliwa utrata danych
C:\Users\Tymek\Desktop\programming\cpp\OPENGL_LIB\instancing\instancing\camera.h(103,11): warning C4244: "=": konwersja z "double" do "float", możliwa utrata danych
C:\Users\Tymek\Desktop\programming\cpp\OPENGL_LIB\instancing\instancing\cubeClass.h(134,21): warning C4018: "<": niezgodność typu ze znakiem/bez znaku
C:\Users\Tymek\Desktop\programming\cpp\OPENGL_LIB\instancing\instancing\cubeClass.h(159,21): warning C4018: "<": niezgodność typu ze znakiem/bez znaku
C:\Users\Tymek\Desktop\programming\cpp\OPENGL_LIB\instancing\instancing\cubeClass.h(212,1): warning C4305: "*=": obcięcie z "double" do "T"
          with
          [
              T=float
          ]
C:\Users\Tymek\Desktop\programming\cpp\OPENGL_LIB\instancing\instancing\cubeClass.h(224,27): warning C4244: "=": konwersja z "double" do "T", możliwa utrata danych
          with
          [
              T=float
          ]
C:\Users\Tymek\Desktop\OPENGL_LIB\Try\Dependencies\headers\mesh.h(63,45): warning C4244: "argument": konwersja z "unsigned int" do "float", możliwa utrata danych
C:\Users\Tymek\Desktop\programming\cpp\OPENGL_LIB\instancing\instancing\lights.cpp(106,19): warning C4244: "argument": konwersja z "double" do "unsigned int", możliwa utrata danych
C:\Users\Tymek\Desktop\programming\cpp\OPENGL_LIB\instancing\instancing\lights.cpp(115,22): warning C4244: "inicjowanie": konwersja z "double" do "float", możliwa utrata danych
C:\Users\Tymek\Desktop\programming\cpp\OPENGL_LIB\instancing\instancing\lights.cpp(117,61): warning C4244: "=": konwersja z "double" do "float", możliwa utrata danych
C:\Users\Tymek\Desktop\programming\cpp\OPENGL_LIB\instancing\instancing\lights.cpp(119,61): warning C4244: "=": konwersja z "double" do "float", możliwa utrata danych
C:\Users\Tymek\Desktop\programming\cpp\OPENGL_LIB\instancing\instancing\lights.cpp(127,18): warning C4244: "inicjowanie": konwersja z "int" do "float", możliwa utrata danych
C:\Users\Tymek\Desktop\programming\cpp\OPENGL_LIB\instancing\instancing\lights.cpp(167,29): warning C4244: "=": konwersja z "double" do "float", możliwa utrata danych
  WindowInit.cpp
  Źródło.cpp
  Generowanie kodu...
LINK : warning LNK4098: domyślna biblioteka „MSVCRT” powoduje konflikt z innymi bibliotekami; użyj opcji /NODEFAULTLIB:biblioteka
  instancing.vcxproj -> C:\Users\Tymek\Desktop\programming\cpp\OPENGL_LIB\instancing\Debug\instancing.exe
